<?xml version="1.0" encoding="UTF-8"?>
<testsuite xmlns:xsi="http://www.w3.org/2001/XMLSchema-instance" xsi:noNamespaceSchemaLocation="https://maven.apache.org/surefire/maven-surefire-plugin/xsd/surefire-test-report.xsd" name="com.kapitus.challenge.PriceApiTest" time="2.352" tests="6" errors="0" skipped="0" failures="0">
  <properties>
[...]
</properties>
  <testcase name="testZeroPrices" classname="com.kapitus.challenge.PriceApiTest" time="1.101"/>
  <testcase name="getCoinIdsSingle" classname="com.kapitus.challenge.PriceApiTest" time="0"/>
  <testcase name="loadTickers" classname="com.kapitus.challenge.PriceApiTest" time="0.389"/>
  <testcase name="getCoinIdsMulti" classname="com.kapitus.challenge.PriceApiTest" time="0.001"/>
  <testcase name="serviceIsRunning" classname="com.kapitus.challenge.PriceApiTest" time="0.12"/>
  <testcase name="getPrices" classname="com.kapitus.challenge.PriceApiTest" time="0.733"/>
</testsuite>